
========================================
||   FASP: AMG example -- C version   ||
========================================

fasp_dcsrvec_read2: reading file ../data/csrmat_FE.dat...
fasp_dcsrvec_read2: reading file ../data/rhs_FE.dat...
A: m = 3969, n = 3969, nnz = 27281
b: n = 3969

       Parameters in AMG_param
-----------------------------------------------
AMG print level:                   3
AMG max num of iter:               100
AMG type:                          2
AMG tolerance:                     1.00e-08
AMG max levels:                    20
AMG cycle type:                    1
AMG coarse solver type:            0
AMG scaling of coarse correction:  0
AMG smoother type:                 2
AMG smoother order:                1
AMG num of presmoothing:           2
AMG num of postsmoothing:          2
Aggregation type:                  1
Aggregation number of pairs:       2
Aggregation quality bound:         8.00
-----------------------------------------------


Setting up SA AMG ...
-----------------------------------------------------------
  Level   Num of rows   Num of nonzeros   Avg. NNZ / row   
-----------------------------------------------------------
    0          3969             27281           6.87
    1           541              6531          12.07
    2            41               421          10.27
-----------------------------------------------------------
  Grid complexity = 1.147  |  Operator complexity = 1.255
-----------------------------------------------------------
Smoothed aggregation setup costs 0.0027 seconds.
-----------------------------------------------------------
It Num |   ||r||/||b||   |     ||r||      |  Conv. Factor
-----------------------------------------------------------
     0 |  1.000000e+00   |  7.514358e+00  |     -.-- 
     1 |  4.345463e-02   |  3.265336e-01  |     0.0435
     2 |  8.041967e-03   |  6.043022e-02  |     0.1851
     3 |  3.808810e-03   |  2.862076e-02  |     0.4736
     4 |  1.838990e-03   |  1.381883e-02  |     0.4828
     5 |  8.675952e-04   |  6.519421e-03  |     0.4718
     6 |  4.089274e-04   |  3.072827e-03  |     0.4713
     7 |  1.939823e-04   |  1.457653e-03  |     0.4744
     8 |  9.276723e-05   |  6.970862e-04  |     0.4782
     9 |  4.471799e-05   |  3.360270e-04  |     0.4820
    10 |  2.171249e-05   |  1.631554e-04  |     0.4855
    11 |  1.060934e-05   |  7.972239e-05  |     0.4886
    12 |  5.212246e-06   |  3.916668e-05  |     0.4913
    13 |  2.572464e-06   |  1.933042e-05  |     0.4935
    14 |  1.274466e-06   |  9.576797e-06  |     0.4954
    15 |  6.333891e-07   |  4.759512e-06  |     0.4970
    16 |  3.155926e-07   |  2.371476e-06  |     0.4983
    17 |  1.575755e-07   |  1.184079e-06  |     0.4993
    18 |  7.881043e-08   |  5.922098e-07  |     0.5001
    19 |  3.947044e-08   |  2.965950e-07  |     0.5008
    20 |  1.978978e-08   |  1.487075e-07  |     0.5014
    21 |  9.931176e-09   |  7.462641e-08  |     0.5018
Number of iterations = 21 with relative residual 9.931176e-09.
AMG solve costs 0.0060 seconds.
AMG totally costs 0.0090 seconds.
