
========================================
||   FASP: PCG example -- C version   ||
========================================

fasp_dcsrvec_read2: reading file ../data/csrmat_FE.dat...
fasp_dcsrvec_read2: reading file ../data/rhs_FE.dat...
A: m = 3969, n = 3969, nnz = 27281
b: n = 3969

       Parameters in ITS_param
-----------------------------------------------
Solver print level:                3
Solver type:                       1
Solver precond type:               2
Solver max num of iter:            1000
Solver tolerance:                  1.00e-06
Solver stopping type:              1
-----------------------------------------------


Setting up UA AMG ...
-----------------------------------------------------------
  Level   Num of rows   Num of nonzeros   Avg. NNZ / row   
-----------------------------------------------------------
    0          3969             27281           6.87
    1          1059              7169           6.77
    2           286              1884           6.59
    3            71               431           6.07
-----------------------------------------------------------
  Grid complexity = 1.357  |  Operator complexity = 1.348
-----------------------------------------------------------
Unsmoothed aggregation setup costs 0.0015 seconds.

Calling CG solver (CSR) ...
-----------------------------------------------------------
It Num |   ||r||/||b||   |     ||r||      |  Conv. Factor
-----------------------------------------------------------
     0 |  1.000000e+00   |  7.514358e+00  |     -.-- 
     1 |  5.078363e-01   |  3.816064e+00  |     0.5078
     2 |  8.526434e-02   |  6.407068e-01  |     0.1679
     3 |  3.081067e-02   |  2.315224e-01  |     0.3614
     4 |  7.522033e-03   |  5.652325e-02  |     0.2441
     5 |  1.997295e-03   |  1.500839e-02  |     0.2655
     6 |  5.914181e-04   |  4.444127e-03  |     0.2961
     7 |  1.498444e-04   |  1.125985e-03  |     0.2534
     8 |  4.380269e-05   |  3.291491e-04  |     0.2923
     9 |  1.120054e-05   |  8.416489e-05  |     0.2557
    10 |  2.772669e-06   |  2.083482e-05  |     0.2475
    11 |  8.491093e-07   |  6.380511e-06  |     0.3062
Number of iterations = 11 with relative residual 8.491093e-07.
