
========================================
||   FASP: PCG example -- C version   ||
========================================

fasp_dcsrvec_read2: reading file ../data/csrmat_FE.dat...
fasp_dcsrvec_read2: reading file ../data/rhs_FE.dat...
A: m = 3969, n = 3969, nnz = 27281
b: n = 3969

       Parameters in ITS_param
-----------------------------------------------
Solver print level:                2
Solver type:                       1
Solver precond type:               2
Solver max num of iter:            500
Solver tolerance:                  1.00e-06
Solver stopping type:              1
-----------------------------------------------


Setting up Classical AMG ...
-----------------------------------------------------------
  Level   Num of rows   Num of nonzeros   Avg. NNZ / row   
-----------------------------------------------------------
    0          3969             27281           6.87
    1          1985             28523          14.37
    2           541              7951          14.70
    3           141              1803          12.79
-----------------------------------------------------------
  Grid complexity = 1.672  |  Operator complexity = 2.403
-----------------------------------------------------------
Classical AMG setup costs 0.0041 seconds.

Calling CG solver (CSR) ...
-----------------------------------------------------------
It Num |   ||r||/||b||   |     ||r||      |  Conv. Factor
-----------------------------------------------------------
     0 |  1.000000e+00   |  7.514358e+00  |     -.-- 
     1 |  1.156153e-02   |  8.687750e-02  |     0.0116
     2 |  3.127181e-04   |  2.349876e-03  |     0.0270
     3 |  4.813471e-06   |  3.617014e-05  |     0.0154
     4 |  5.312526e-08   |  3.992022e-07  |     0.0110
Number of iterations = 4 with relative residual 5.312526e-08.
