
========================================
||   FASP: AMG example -- C version   ||
========================================

fasp_dcsrvec_read2: reading file ../data/csrmat_FE.dat...
fasp_dcsrvec_read2: reading file ../data/rhs_FE.dat...
A: m = 3969, n = 3969, nnz = 27281
b: n = 3969

       Parameters in AMG_param
-----------------------------------------------
AMG print level:                   2
AMG max num of iter:               50
AMG type:                          1
AMG tolerance:                     1.00e-06
AMG max levels:                    20
AMG cycle type:                    1
AMG coarse solver type:            0
AMG scaling of coarse correction:  0
AMG smoother type:                 2
AMG smoother order:                1
AMG num of presmoothing:           1
AMG num of postsmoothing:          1
AMG coarsening type:               1
AMG interpolation type:            1
AMG dof on coarsest grid:          500
AMG strong threshold:              0.3000
AMG truncation threshold:          0.2000
AMG max row sum:                   0.9000
AMG aggressive levels:             0
AMG aggressive path:               1
-----------------------------------------------


Setting up Classical AMG ...
-----------------------------------------------------------
  Level   Num of rows   Num of nonzeros   Avg. NNZ / row   
-----------------------------------------------------------
    0          3969             27281           6.87
    1          1985             28523          14.37
    2           541              7951          14.70
    3           141              1803          12.79
-----------------------------------------------------------
  Grid complexity = 1.672  |  Operator complexity = 2.403
-----------------------------------------------------------
Classical AMG setup costs 0.0044 seconds.
-----------------------------------------------------------
It Num |   ||r||/||b||   |     ||r||      |  Conv. Factor
-----------------------------------------------------------
     0 |  1.000000e+00   |  7.514358e+00  |     -.-- 
     1 |  9.851978e-03   |  7.403129e-02  |     0.0099
     2 |  3.507451e-04   |  2.635624e-03  |     0.0356
     3 |  1.764023e-05   |  1.325550e-04  |     0.0503
     4 |  8.820794e-07   |  6.628261e-06  |     0.0500
Number of iterations = 4 with relative residual 8.820794e-07.
AMG solve costs 0.0019 seconds.
AMG totally costs 0.0066 seconds.
