\BOOKMARK [0][-]{chapter.1}{\376\377\000F\000E\000N\000G\000S\000i\000m}{}% 1
\BOOKMARK [1][-]{section.1.1}{\376\377\000C\000o\000s\000m\000i\000c\000\040\000C\000u\000b\000e\377\010\226\306\142\020\137\000\123\321\163\257\130\203\000/\147\266\147\204\000/\136\224\165\050\125\106\136\227\000\051}{chapter.1}% 2
\BOOKMARK [2][-]{subsection.1.1.1}{\376\377\000C\000A\000D}{section.1.1}% 3
\BOOKMARK [3][-]{subsubsection.1.1.1.1}{\376\377\122\237\200\375\213\276\213\241}{subsection.1.1.1}% 4
\BOOKMARK [3][-]{subsubsection.1.1.1.2}{\376\377\173\227\117\213\124\214\000C\000+\000+\000/\000P\000y\000t\000h\000o\000n\143\245\123\343}{subsection.1.1.1}% 5
\BOOKMARK [4][-]{paragraph*.3}{\376\377\121\340\117\125\145\271\172\013}{subsubsection.1.1.1.2}% 6
\BOOKMARK [5][-]{subparagraph*.4}{\376\377\000B\000-\000S\000p\000l\000i\000n\000e\000s}{paragraph*.3}% 7
\BOOKMARK [2][-]{subsection.1.1.2}{\376\377\000C\000A\000E}{section.1.1}% 8
\BOOKMARK [3][-]{subsubsection.1.1.2.1}{\376\377\122\115\131\004\164\006}{subsection.1.1.2}% 9
\BOOKMARK [3][-]{subsubsection.1.1.2.2}{\376\377\154\102\211\343\126\150}{subsection.1.1.2}% 10
\BOOKMARK [4][-]{paragraph*.5}{\376\377\160\355\117\040\133\374\145\271\172\013}{subsubsection.1.1.2.2}% 11
\BOOKMARK [4][-]{paragraph*.6}{\376\377\137\071\140\047\122\233\133\146\145\271\172\013}{subsubsection.1.1.2.2}% 12
\BOOKMARK [4][-]{paragraph*.7}{\376\377\137\071\130\121\140\047\122\233\133\146\145\271\172\013}{subsubsection.1.1.2.2}% 13
\BOOKMARK [3][-]{subsubsection.1.1.2.3}{\376\377\124\016\131\004\164\006}{subsection.1.1.2}% 14
\BOOKMARK [2][-]{subsection.1.1.3}{\376\377\000C\000A\000M}{section.1.1}% 15
\BOOKMARK [3][-]{subsubsection.1.1.3.1}{\376\377\215\357\137\204\211\304\122\022}{subsection.1.1.3}% 16
\BOOKMARK [3][-]{subsubsection.1.1.3.2}{\376\377\217\320\122\250\211\304\122\022}{subsection.1.1.3}% 17
\BOOKMARK [2][-]{subsection.1.1.4}{\376\377\000C\000A\000I}{section.1.1}% 18
\BOOKMARK [3][-]{subsubsection.1.1.4.1}{\376\377\134\072\133\370\124\214\137\142\117\115\121\154\135\356\155\113\221\317}{subsection.1.1.4}% 19
\BOOKMARK [3][-]{subsubsection.1.1.4.2}{\376\377\220\006\124\021\220\040\127\213}{subsection.1.1.4}% 20
\BOOKMARK [1][-]{section.1.2}{\376\377\000A\000i\000r\000f\000o\000i\000l\000\040\000B\000e\000n\000c\000h\000m\000a\000r\000k\377\010\145\160\133\127\133\152\165\037\147\266\147\204\377\011}{chapter.1}% 21
\BOOKMARK [2][-]{subsection.1.2.1}{\376\377\167\037\133\236\145\160\143\156\232\161\122\250\116\013\166\204\000C\000A\000X\152\041\127\213}{section.1.2}% 22
\BOOKMARK [2][-]{subsection.1.2.2}{\376\377\116\377\167\037\213\255\176\303\116\272\135\345\146\172\200\375}{section.1.2}% 23
\BOOKMARK [2][-]{subsection.1.2.3}{\376\377\116\221\217\271\123\117\124\014}{section.1.2}% 24
\BOOKMARK [2][-]{subsection.1.2.4}{\376\377\155\170\121\145\137\017\116\244\116\222}{section.1.2}% 25
\BOOKMARK [0][-]{chapter.2}{\376\377\000O\000p\000e\000n\000C\000A\000E\000+}{}% 26
\BOOKMARK [1][-]{section.2.1}{\376\377\000O\000p\000e\000n\000C\000A\000E\000P\000o\000r\000o}{chapter.2}% 27
\BOOKMARK [1][-]{section.2.2}{\376\377\000O\000p\000e\000n\000A\000M}{chapter.2}% 28
\BOOKMARK [1][-]{section.2.3}{\376\377\000O\000p\000e\000n\000C\000M}{chapter.2}% 29
\BOOKMARK [0][-]{chapter.3}{\376\377\000F\000A\000S\000P}{}% 30
\BOOKMARK [1][-]{section.3.1}{\376\377\211\343\154\325\126\150}{chapter.3}% 31
\BOOKMARK [0][-]{chapter.4}{\376\377\000O\000p\000e\000n\000P\000F\000E\000M}{}% 32
\BOOKMARK [1][-]{section.4.1}{\376\377\136\166\210\114\201\352\220\002\136\224}{chapter.4}% 33
\BOOKMARK [0][-]{chapter.5}{\376\377\000G\000C\000G\000E}{}% 34
\BOOKMARK [1][-]{section.5.1}{\376\377\211\343\154\325\126\150}{chapter.5}% 35
\BOOKMARK [0][-]{chapter.6}{\376\377\000F\000u\000l\000l\000\040\000A\000P\000I}{}% 36
\BOOKMARK [0][-]{chapter.7}{\376\377\000I\000n\000d\000i\000c\000e\000s\000\040\000a\000n\000d\000\040\000t\000a\000b\000l\000e\000s}{}% 37
