\BOOKMARK [0][-]{chapter.1}{\376\377\000F\000E\000N\000G\000S\000i\000m}{}% 1
\BOOKMARK [1][-]{section.1.1}{\376\377\000C\000o\000s\000m\000i\000c\000\040\000C\000u\000b\000e\000\040\000C\000A\000X\226\306\142\020\137\000\123\321\163\257\130\203}{chapter.1}% 2
\BOOKMARK [1][-]{section.1.2}{\376\377\000A\000i\000r\000f\000o\000i\000l\000\040\000B\000e\000n\000c\000h\000m\000a\000r\000k\000\040\000C\000A\000X\145\160\133\127\133\152\165\037\147\266\147\204}{chapter.1}% 3
\BOOKMARK [2][-]{subsection.1.2.1}{\376\377\000C\000A\000D}{section.1.2}% 4
\BOOKMARK [2][-]{subsection.1.2.2}{\376\377\000C\000A\000E}{section.1.2}% 5
\BOOKMARK [3][-]{subsubsection.1.2.2.1}{\376\377\122\115\131\004\164\006}{subsection.1.2.2}% 6
\BOOKMARK [3][-]{subsubsection.1.2.2.2}{\376\377\154\102\211\343\126\150}{subsection.1.2.2}% 7
\BOOKMARK [3][-]{subsubsection.1.2.2.3}{\376\377\124\016\131\004\164\006}{subsection.1.2.2}% 8
\BOOKMARK [2][-]{subsection.1.2.3}{\376\377\000C\000A\000M}{section.1.2}% 9
\BOOKMARK [2][-]{subsection.1.2.4}{\376\377\000C\000A\000I}{section.1.2}% 10
\BOOKMARK [2][-]{subsection.1.2.5}{\376\377\145\160\133\127\133\152\165\037}{section.1.2}% 11
\BOOKMARK [3][-]{subsubsection.1.2.5.1}{\376\377\167\037\133\236\145\160\143\156\232\161\122\250\116\013\166\204\000C\000A\000X\152\041\127\213}{subsection.1.2.5}% 12
\BOOKMARK [3][-]{subsubsection.1.2.5.2}{\376\377\116\377\167\037\213\255\176\303\116\272\135\345\146\172\200\375}{subsection.1.2.5}% 13
\BOOKMARK [3][-]{subsubsection.1.2.5.3}{\376\377\116\221\217\271\123\117\124\014}{subsection.1.2.5}% 14
\BOOKMARK [3][-]{subsubsection.1.2.5.4}{\376\377\155\170\121\145\137\017\116\244\116\222}{subsection.1.2.5}% 15
\BOOKMARK [0][-]{chapter.2}{\376\377\000O\000p\000e\000n\000C\000A\000E\000+}{}% 16
\BOOKMARK [1][-]{section.2.1}{\376\377\000O\000p\000e\000n\000C\000A\000E\000P\000o\000r\000o}{chapter.2}% 17
\BOOKMARK [1][-]{section.2.2}{\376\377\000F\000A\000S\000P}{chapter.2}% 18
\BOOKMARK [0][-]{chapter.3}{\376\377\000G\000C\000G\000E}{}% 19
\BOOKMARK [0][-]{chapter.4}{\376\377\000O\000D\000T}{}% 20
\BOOKMARK [1][-]{section.4.1}{\376\377\000F\000u\000l\000l\000\040\000A\000P\000I}{chapter.4}% 21
\BOOKMARK [0][-]{chapter.5}{\376\377\000I\000n\000d\000i\000c\000e\000s\000\040\000a\000n\000d\000\040\000t\000a\000b\000l\000e\000s}{}% 22
