\BOOKMARK [0][-]{chapter.1}{\376\377\000L\000i\000b\000r\000a\000r\000y\000\040\000A\000P\000I}{}% 1
\BOOKMARK [1][-]{section.1.1}{\376\377\000F\000i\000l\000e\000\040\000H\000i\000e\000r\000a\000r\000c\000h\000y}{chapter.1}% 2
\BOOKMARK [1][-]{section.1.2}{\376\377\000F\000u\000l\000l\000\040\000A\000P\000I}{chapter.1}% 3
\BOOKMARK [2][-]{subsection.1.2.1}{\376\377\000F\000u\000n\000c\000t\000i\000o\000n\000s}{section.1.2}% 4
\BOOKMARK [3][-]{subsubsection*.3}{\376\377\000F\000u\000n\000c\000t\000i\000o\000n\000\040\000e\000x\000p\000o\000r\000t\000\137\000o\000v\000e\000r\000l\000a\000p\000\050\000c\000o\000n\000s\000t\000\040\000W\000o\000n\000t\000o\000n\000:\000:\000S\000i\000m\000p\000l\000e\000\137\000M\000e\000s\000h\000\137\000W\000r\000a\000p\000p\000e\000r\000\046\000,\000\040\000s\000t\000d\000:\000:\000v\000e\000c\000t\000o\000r\000<\000i\000n\000t\000>\000,\000\040\000c\000o\000n\000s\000t\000\040\000W\000o\000n\000t\000o\000n\000:\000:\000S\000i\000m\000p\000l\000e\000\137\000M\000e\000s\000h\000\137\000W\000r\000a\000p\000p\000e\000r\000\046\000,\000\040\000i\000n\000t\000\051}{subsection.1.2.1}% 5
\BOOKMARK [4][-]{paragraph*.4}{\376\377\000F\000u\000n\000c\000t\000i\000o\000n\000\040\000D\000o\000c\000u\000m\000e\000n\000t\000a\000t\000i\000o\000n}{subsubsection*.3}% 6
\BOOKMARK [3][-]{subsubsection*.8}{\376\377\000F\000u\000n\000c\000t\000i\000o\000n\000\040\000e\000x\000p\000o\000r\000t\000\137\000o\000v\000e\000r\000l\000a\000p\000\050\000c\000o\000n\000s\000t\000\040\000W\000o\000n\000t\000o\000n\000:\000:\000J\000a\000l\000i\000\137\000M\000e\000s\000h\000\137\000W\000r\000a\000p\000p\000e\000r\000\046\000,\000\040\000s\000t\000d\000:\000:\000v\000e\000c\000t\000o\000r\000<\000i\000n\000t\000>\000,\000\040\000c\000o\000n\000s\000t\000\040\000W\000o\000n\000t\000o\000n\000:\000:\000J\000a\000l\000i\000\137\000M\000e\000s\000h\000\137\000W\000r\000a\000p\000p\000e\000r\000\046\000,\000\040\000i\000n\000t\000\051}{subsection.1.2.1}% 7
\BOOKMARK [4][-]{paragraph*.9}{\376\377\000F\000u\000n\000c\000t\000i\000o\000n\000\040\000D\000o\000c\000u\000m\000e\000n\000t\000a\000t\000i\000o\000n}{subsubsection*.8}% 8
\BOOKMARK [3][-]{subsubsection*.13}{\376\377\000F\000u\000n\000c\000t\000i\000o\000n\000\040\000e\000x\000p\000o\000r\000t\000\137\000v\000t\000k\000\050\000i\000n\000t\000,\000\040\000s\000t\000d\000:\000:\000s\000t\000r\000i\000n\000g\000,\000\040\000s\000t\000d\000:\000:\000v\000e\000c\000t\000o\000r\000<\000d\000o\000u\000b\000l\000e\000>\000\051}{subsection.1.2.1}% 9
\BOOKMARK [4][-]{paragraph*.14}{\376\377\000F\000u\000n\000c\000t\000i\000o\000n\000\040\000D\000o\000c\000u\000m\000e\000n\000t\000a\000t\000i\000o\000n}{subsubsection*.13}% 10
\BOOKMARK [3][-]{subsubsection*.18}{\376\377\000F\000u\000n\000c\000t\000i\000o\000n\000\040\000e\000x\000p\000o\000r\000t\000\137\000v\000t\000k\000\050\000J\000a\000l\000i\000:\000:\000U\000n\000i\000S\000t\000a\000t\000e\000V\000e\000c\000t\000o\000r\000<\000d\000o\000u\000b\000l\000e\000,\000\040\000J\000a\000l\000i\000:\000:\000M\000e\000s\000h\000>\000\051}{subsection.1.2.1}% 11
\BOOKMARK [4][-]{paragraph*.19}{\376\377\000F\000u\000n\000c\000t\000i\000o\000n\000\040\000D\000o\000c\000u\000m\000e\000n\000t\000a\000t\000i\000o\000n}{subsubsection*.18}% 12
\BOOKMARK [3][-]{subsubsection*.23}{\376\377\000F\000u\000n\000c\000t\000i\000o\000n\000\040\000e\000x\000p\000o\000r\000t\000\137\000v\000t\000k\000\050\000s\000t\000d\000:\000:\000v\000e\000c\000t\000o\000r\000<\000s\000t\000d\000:\000:\000v\000e\000c\000t\000o\000r\000<\000W\000o\000n\000t\000o\000n\000:\000:\000P\000o\000i\000n\000t\000<\0002\000>\000>\000>\000\046\000,\000\040\000s\000t\000d\000:\000:\000v\000e\000c\000t\000o\000r\000<\000d\000o\000u\000b\000l\000e\000>\000\046\000\051}{subsection.1.2.1}% 13
\BOOKMARK [4][-]{paragraph*.24}{\376\377\000F\000u\000n\000c\000t\000i\000o\000n\000\040\000D\000o\000c\000u\000m\000e\000n\000t\000a\000t\000i\000o\000n}{subsubsection*.23}% 14
\BOOKMARK [3][-]{subsubsection*.28}{\376\377\000F\000u\000n\000c\000t\000i\000o\000n\000\040\000e\000x\000p\000o\000r\000t\000\137\000v\000t\000k\000\050\000J\000a\000l\000i\000:\000:\000U\000n\000i\000S\000t\000a\000t\000e\000V\000e\000c\000t\000o\000r\000<\000d\000o\000u\000b\000l\000e\000,\000\040\000J\000a\000l\000i\000:\000:\000M\000e\000s\000h\000>\000,\000\040\000c\000o\000n\000s\000t\000\040\000W\000o\000n\000t\000o\000n\000:\000:\000J\000a\000l\000i\000\137\000M\000e\000s\000h\000\137\000W\000r\000a\000p\000p\000e\000r\000\046\000\051}{subsection.1.2.1}% 15
\BOOKMARK [4][-]{paragraph*.29}{\376\377\000F\000u\000n\000c\000t\000i\000o\000n\000\040\000D\000o\000c\000u\000m\000e\000n\000t\000a\000t\000i\000o\000n}{subsubsection*.28}% 16
\BOOKMARK [3][-]{subsubsection*.33}{\376\377\000F\000u\000n\000c\000t\000i\000o\000n\000\040\000t\000e\000s\000t\000\137\000i\000n\000t\000e\000r\000p\000o\000l\000a\000t\000i\000o\000n}{subsection.1.2.1}% 17
\BOOKMARK [4][-]{paragraph*.34}{\376\377\000F\000u\000n\000c\000t\000i\000o\000n\000\040\000D\000o\000c\000u\000m\000e\000n\000t\000a\000t\000i\000o\000n}{subsubsection*.33}% 18
\BOOKMARK [3][-]{subsubsection*.38}{\376\377\000F\000u\000n\000c\000t\000i\000o\000n\000\040\000t\000e\000s\000t\000\137\000i\000n\000t\000e\000r\000s\000e\000c\000t\000i\000o\000n}{subsection.1.2.1}% 19
\BOOKMARK [4][-]{paragraph*.39}{\376\377\000F\000u\000n\000c\000t\000i\000o\000n\000\040\000D\000o\000c\000u\000m\000e\000n\000t\000a\000t\000i\000o\000n}{subsubsection*.38}% 20
\BOOKMARK [3][-]{subsubsection*.43}{\376\377\000F\000u\000n\000c\000t\000i\000o\000n\000\040\000t\000e\000s\000t\000\137\000r\000e\000m\000a\000p\000p\000i\000n\000g}{subsection.1.2.1}% 21
\BOOKMARK [4][-]{paragraph*.44}{\376\377\000F\000u\000n\000c\000t\000i\000o\000n\000\040\000D\000o\000c\000u\000m\000e\000n\000t\000a\000t\000i\000o\000n}{subsubsection*.43}% 22
\BOOKMARK [3][-]{subsubsection*.48}{\376\377\000F\000u\000n\000c\000t\000i\000o\000n\000\040\000t\000e\000s\000t\000\137\000s\000e\000a\000r\000c\000h}{subsection.1.2.1}% 23
\BOOKMARK [4][-]{paragraph*.49}{\376\377\000F\000u\000n\000c\000t\000i\000o\000n\000\040\000D\000o\000c\000u\000m\000e\000n\000t\000a\000t\000i\000o\000n}{subsubsection*.48}% 24
\BOOKMARK [0][-]{chapter.2}{\376\377\000I\000n\000d\000i\000c\000e\000s\000\040\000a\000n\000d\000\040\000t\000a\000b\000l\000e\000s}{}% 25
\BOOKMARK [0][-]{section*.53}{\376\377\000I\000n\000d\000e\000x}{}% 26
