Increment Time CutbackLevel Converged IterationsNeeded StagIterationsNeeded
           1  0.25000000000000000                0 T           3           2
           2  0.50000000000000000                0 T           1           2
           3  0.75000000000000000                0 T           1           2
           4   1.0000000000000000                0 T           4           2
           5   1.2500000000000000                0 T           6           2
           6   1.5000000000000000                0 T           6           2
           7   1.7500000000000000                0 T           5           2
           8   2.0000000000000000                0 T           5           2
           9   2.2500000000000000                0 T           4           2
          10   2.5000000000000000                0 T           4           2
          11   2.7500000000000000                0 T           4           2
          12   3.0000000000000000                0 T           4           2
          13   3.2500000000000000                0 T           3           2
          14   3.5000000000000000                0 T           3           2
          15   3.7500000000000000                0 T           3           2
          16   4.0000000000000000                0 T           3           2
          17   4.2500000000000000                0 T           3           2
          18   4.5000000000000000                0 T           3           2
          19   4.7500000000000000                0 T           2           2
          20   5.0000000000000000                0 T           2           2
          21   5.2500000000000000                0 T           2           2
          22   5.5000000000000000                0 T           2           2
          23   5.7500000000000000                0 T           2           2
          24   6.0000000000000000                0 T           2           2
          25   6.2500000000000000                0 T           2           2
          26   6.5000000000000000                0 T           2           2
          27   6.7500000000000000                0 T           2           2
          28   7.0000000000000000                0 T           2           2
          29   7.2500000000000000                0 T           1           2
          30   7.5000000000000000                0 T           2           2
          31   7.7500000000000000                0 T           1           2
          32   8.0000000000000000                0 T           1           2
          33   8.2500000000000000                0 T           2           2
          34   8.5000000000000000                0 T           1           2
          35   8.7500000000000000                0 T           1           2
          36   9.0000000000000000                0 T           1           2
          37   9.2500000000000000                0 T           1           2
          38   9.5000000000000000                0 T           2           2
          39   9.7500000000000000                0 T           1           2
          40   10.000000000000000                0 T           1           2
          41   11.000000000000000                0 T           4           2
          42   12.000000000000000                0 T           5           2
          43   13.000000000000000                0 T           4           2
          44   14.000000000000000                0 T           4           2
          45   15.000000000000000                0 T           4           2
          46   16.000000000000000                0 T           4           2
          47   17.000000000000000                0 T           4           2
          48   18.000000000000000                0 T           4           2
          49   19.000000000000000                0 T           4           2
          50   20.000000000000000                0 T           4           2
          51   21.000000000000000                0 T           4           2
          52   22.000000000000000                0 T           4           2
          53   23.000000000000000                0 T           4           2
          54   24.000000000000000                0 T           4           2
          55   25.000000000000000                0 T           4           2
          56   26.000000000000000                0 T           4           2
          57   27.000000000000000                0 T           4           2
          58   28.000000000000000                0 T           4           2
          59   29.000000000000000                0 T           4           2
          60   30.000000000000000                0 T           4           2
          61   31.000000000000000                0 T           4           2
          62   32.000000000000000                0 T           4           2
          63   33.000000000000000                0 T           4           2
          64   34.000000000000000                0 T           4           2
          65   35.000000000000000                0 T           4           2
          66   36.000000000000000                0 T           4           2
          67   37.000000000000000                0 T           4           2
          68   38.000000000000000                0 T           3           2
          69   39.000000000000000                0 T           4           2
          70   40.000000000000000                0 T           4           2
          71   41.000000000000000                0 T           3           2
          72   42.000000000000000                0 T           4           2
          73   43.000000000000000                0 T           4           2
          74   44.000000000000000                0 T           3           2
          75   45.000000000000000                0 T           4           2
          76   46.000000000000000                0 T           3           2
          77   47.000000000000000                0 T           4           2
          78   48.000000000000000                0 T           4           2
          79   49.000000000000000                0 T           3           2
          80   50.000000000000000                0 T           4           2
          81   51.000000000000000                0 T           3           2
          82   52.000000000000000                0 T           4           2
          83   53.000000000000000                0 T           3           2
          84   54.000000000000000                0 T           4           2
          85   55.000000000000000                0 T           3           2
          86   56.000000000000000                0 T           4           2
          87   57.000000000000000                0 T           3           2
          88   58.000000000000000                0 T           4           2
          89   59.000000000000000                0 T           3           2
          90   60.000000000000000                0 T           4           2
          91   61.000000000000000                0 T           3           2
          92   62.000000000000000                0 T           4           2
          93   63.000000000000000                0 T           3           2
          94   64.000000000000000                0 T           4           2
          95   65.000000000000000                0 T           3           2
          96   66.000000000000000                0 T           4           2
          97   67.000000000000000                0 T           3           2
          98   68.000000000000000                0 T           4           2
          99   69.000000000000000                0 T           3           2
         100   70.000000000000000                0 T           4           2
